<?xml version="1.0" encoding="utf-8"?><testsuites name="pytest tests"><testsuite name="pytest" errors="0" failures="0" skipped="0" tests="9" time="3.058" timestamp="2026-04-16T21:06:40.441501+00:00" hostname="agent-env-474d5098-b7a6-46cb-8e85-a06e2eeacc34"><testcase classname="backend.tests.test_auth_myorders.TestAuthRegister" name="test_register_new_customer" time="0.476" /><testcase classname="backend.tests.test_auth_myorders.TestAuthRegister" name="test_register_duplicate_email" time="0.130" /><testcase classname="backend.tests.test_auth_myorders.TestAuthLogin" name="test_login_valid_customer" time="0.405" /><testcase classname="backend.tests.test_auth_myorders.TestAuthLogin" name="test_login_invalid_credentials" time="0.387" /><testcase classname="backend.tests.test_auth_myorders.TestAuthLogin" name="test_login_admin" time="0.342" /><testcase classname="backend.tests.test_auth_myorders.TestAuthMe" name="test_auth_me_with_token" time="0.492" /><testcase classname="backend.tests.test_auth_myorders.TestAuthMe" name="test_auth_me_unauthenticated" time="0.165" /><testcase classname="backend.tests.test_auth_myorders.TestMyOrders" name="test_my_orders_authenticated" time="0.467" /><testcase classname="backend.tests.test_auth_myorders.TestMyOrders" name="test_my_orders_unauthenticated" time="0.121" /></testsuite></testsuites>