<?xml version="1.0" encoding="utf-8"?><testsuites name="pytest tests"><testsuite name="pytest" errors="0" failures="0" skipped="0" tests="18" time="3.347" timestamp="2026-04-16T20:37:50.158128+00:00" hostname="agent-env-474d5098-b7a6-46cb-8e85-a06e2eeacc34"><testcase classname="backend.tests.test_italian_desserts.TestAuth" name="test_admin_login_success" time="0.598" /><testcase classname="backend.tests.test_italian_desserts.TestAuth" name="test_login_invalid_credentials" time="0.060" /><testcase classname="backend.tests.test_italian_desserts.TestAuth" name="test_get_me_with_token" time="0.444" /><testcase classname="backend.tests.test_italian_desserts.TestProducts" name="test_get_products_returns_10" time="0.059" /><testcase classname="backend.tests.test_italian_desserts.TestProducts" name="test_get_products_filter_bomboloni" time="0.066" /><testcase classname="backend.tests.test_italian_desserts.TestProducts" name="test_get_products_filter_tiramisu" time="0.061" /><testcase classname="backend.tests.test_italian_desserts.TestProducts" name="test_get_single_product" time="0.060" /><testcase classname="backend.tests.test_italian_desserts.TestProducts" name="test_get_product_not_found" time="0.077" /><testcase classname="backend.tests.test_italian_desserts.TestProducts" name="test_featured_products" time="0.061" /><testcase classname="backend.tests.test_italian_desserts.TestOrders" name="test_create_order_cod" time="0.081" /><testcase classname="backend.tests.test_italian_desserts.TestOrders" name="test_create_order_calculates_total" time="0.069" /><testcase classname="backend.tests.test_italian_desserts.TestReviews" name="test_get_reviews" time="0.059" /><testcase classname="backend.tests.test_italian_desserts.TestContact" name="test_submit_contact" time="0.072" /><testcase classname="backend.tests.test_italian_desserts.TestAdmin" name="test_admin_stats" time="0.425" /><testcase classname="backend.tests.test_italian_desserts.TestAdmin" name="test_admin_get_orders" time="0.449" /><testcase classname="backend.tests.test_italian_desserts.TestAdmin" name="test_admin_get_contacts" time="0.450" /><testcase classname="backend.tests.test_italian_desserts.TestAdmin" name="test_orders_require_admin" time="0.114" /><testcase classname="backend.tests.test_italian_desserts.TestAdmin" name="test_razorpay_not_configured" time="0.053" /></testsuite></testsuites>